<?xml version="1.0" encoding="UTF-8"?>
<!-- Generated by org.testng.reporters.JUnitReportReporter -->
<testsuite hostname="RaghavySenthilKumar" failures="0" tests="9" name="dsalgo_pageObject.Runner" time="59.195" errors="0" timestamp="2023-02-21T12:44:55 EST" skipped="0">
  <testcase classname="dsalgo_pageObject.Runner" name="Linkedlist1" time="15.519"/>
  <system-out/>
  <testcase classname="dsalgo_pageObject.Runner" name="selectAlldrop" time="9.899"/>
  <system-out/>
  <testcase classname="dsalgo_pageObject.Runner" name="Regpage" time="7.021"/>
  <system-out/>
  <testcase classname="dsalgo_pageObject.Runner" name="signin" time="3.588"/>
  <system-out/>
  <testcase classname="dsalgo_pageObject.Runner" name="LoginPage" time="3.061"/>
  <system-out/>
  <testcase classname="dsalgo_pageObject.Runner" name="Datastructure" time="7.355"/>
  <system-out/>
  <testcase classname="dsalgo_pageObject.Runner" name="Stack1" time="7.943"/>
  <system-out/>
  <testcase classname="dsalgo_pageObject.Runner" name="dropdown" time="2.340"/>
  <system-out/>
  <testcase classname="dsalgo_pageObject.Runner" name="home_getstarted" time="2.469"/>
  <system-out/>
</testsuite> <!-- dsalgo_pageObject.Runner -->
