<?xml version="1.0" encoding="UTF-8"?>
<!-- Generated by org.testng.reporters.JUnitReportReporter -->
<testsuite hostname="RaghavySenthilKumar" failures="0" tests="1" name="dsalgo_pageObject.Runner" time="6.029" errors="0" timestamp="2023-02-23T16:31:46 EST" skipped="0">
  <testcase classname="dsalgo_pageObject.Runner" name="Graph1" time="6.029"/>
  <system-out/>
</testsuite> <!-- dsalgo_pageObject.Runner -->
