<?xml version="1.0" encoding="UTF-8"?>
<!-- Generated by org.testng.reporters.JUnitReportReporter -->
<testsuite hostname="RaghavySenthilKumar" failures="0" tests="1" name="dsalgo_pageObject.Runner" time="5.383" errors="0" timestamp="2023-02-25T15:32:11 EST" skipped="0">
  <testcase classname="dsalgo_pageObject.Runner" name="LoginPage" time="5.383"/>
  <system-out/>
</testsuite> <!-- dsalgo_pageObject.Runner -->
