<?xml version="1.0" encoding="UTF-8"?>
<!-- Generated by org.testng.reporters.JUnitReportReporter -->
<testsuite hostname="RaghavySenthilKumar" failures="0" tests="20" name="dsalgo_pageObject.Runner" time="159.033" errors="0" timestamp="2023-02-27T16:19:16 EST" skipped="0">
  <testcase classname="dsalgo_pageObject.Runner" name="Graph1" time="3.392"/>
  <system-out/>
  <testcase classname="dsalgo_pageObject.Runner" name="Tree1" time="3.841"/>
  <system-out/>
  <testcase classname="dsalgo_pageObject.Runner" name="Queue" time="8.295"/>
  <system-out/>
  <testcase classname="dsalgo_pageObject.Runner" name="Datastructure" time="7.076"/>
  <system-out/>
  <testcase classname="dsalgo_pageObject.Runner" name="signin" time="7.237"/>
  <system-out/>
  <testcase classname="dsalgo_pageObject.Runner" name="LoginPage" time="3.076"/>
  <system-out/>
  <testcase classname="dsalgo_pageObject.Runner" name="dropdown" time="2.792"/>
  <system-out/>
  <testcase classname="dsalgo_pageObject.Runner" name="Tree" time="25.147"/>
  <system-out/>
  <testcase classname="dsalgo_pageObject.Runner" name="QueuepracticeQ" time="3.161"/>
  <system-out/>
  <testcase classname="dsalgo_pageObject.Runner" name="ArrayMaxConsPracticeQ" time="12.909"/>
  <system-out/>
  <testcase classname="dsalgo_pageObject.Runner" name="home_getstarted" time="3.448"/>
  <system-out/>
  <testcase classname="dsalgo_pageObject.Runner" name="array" time="11.052"/>
  <system-out/>
  <testcase classname="dsalgo_pageObject.Runner" name="Stack1" time="8.641"/>
  <system-out/>
  <testcase classname="dsalgo_pageObject.Runner" name="Linkedlist1" time="14.851"/>
  <system-out/>
  <testcase classname="dsalgo_pageObject.Runner" name="selectAlldrop" time="9.659"/>
  <system-out/>
  <testcase classname="dsalgo_pageObject.Runner" name="ArrayPracticeQ" time="7.464"/>
  <system-out/>
  <testcase classname="dsalgo_pageObject.Runner" name="ArrayfindnoPracticeq" time="6.802"/>
  <system-out/>
  <testcase classname="dsalgo_pageObject.Runner" name="Regpage" time="6.842"/>
  <system-out/>
  <testcase classname="dsalgo_pageObject.Runner" name="Graph" time="4.975"/>
  <system-out/>
  <testcase classname="dsalgo_pageObject.Runner" name="ArraysquarePracticeQ" time="8.373"/>
  <system-out/>
</testsuite> <!-- dsalgo_pageObject.Runner -->
