<?xml version="1.0" encoding="UTF-8"?>
<!-- Generated by org.testng.reporters.JUnitReportReporter -->
<testsuite hostname="RaghavySenthilKumar" failures="0" tests="22" name="dsalgo_pageObject.Runner" time="156.169" errors="0" timestamp="2023-02-19T16:38:02 EST" skipped="0">
  <testcase classname="dsalgo_pageObject.Runner" name="Linkedlist5" time="9.484"/>
  <system-out/>
  <testcase classname="dsalgo_pageObject.Runner" name="home_getstarted" time="3.131"/>
  <system-out/>
  <testcase classname="dsalgo_pageObject.Runner" name="Stack3" time="7.520"/>
  <system-out/>
  <testcase classname="dsalgo_pageObject.Runner" name="sign_in_page" time="2.678"/>
  <system-out/>
  <testcase classname="dsalgo_pageObject.Runner" name="Linkedlist8" time="5.746"/>
  <system-out/>
  <testcase classname="dsalgo_pageObject.Runner" name="Stack1" time="6.420"/>
  <system-out/>
  <testcase classname="dsalgo_pageObject.Runner" name="Linkedlist4" time="10.810"/>
  <system-out/>
  <testcase classname="dsalgo_pageObject.Runner" name="Regpage" time="7.099"/>
  <system-out/>
  <testcase classname="dsalgo_pageObject.Runner" name="Linkedlist6" time="5.040"/>
  <system-out/>
  <testcase classname="dsalgo_pageObject.Runner" name="Array1_PracticeQ3" time="7.844"/>
  <system-out/>
  <testcase classname="dsalgo_pageObject.Runner" name="dropdown" time="2.802"/>
  <system-out/>
  <testcase classname="dsalgo_pageObject.Runner" name="Array1_PracticeQ5" time="5.598"/>
  <system-out/>
  <testcase classname="dsalgo_pageObject.Runner" name="Linkedlist3" time="11.421"/>
  <system-out/>
  <testcase classname="dsalgo_pageObject.Runner" name="Stack4" time="4.871"/>
  <system-out/>
  <testcase classname="dsalgo_pageObject.Runner" name="selectAlldrop" time="10.972"/>
  <system-out/>
  <testcase classname="dsalgo_pageObject.Runner" name="Linkedlist1" time="10.201"/>
  <system-out/>
  <testcase classname="dsalgo_pageObject.Runner" name="Array1_PracticeQ1" time="10.161"/>
  <system-out/>
  <testcase classname="dsalgo_pageObject.Runner" name="Datastructure" time="3.833"/>
  <system-out/>
  <testcase classname="dsalgo_pageObject.Runner" name="Linkedlist7" time="3.785"/>
  <system-out/>
  <testcase classname="dsalgo_pageObject.Runner" name="signin" time="5.034"/>
  <system-out/>
  <testcase classname="dsalgo_pageObject.Runner" name="Linkedlist2" time="13.994"/>
  <system-out/>
  <testcase classname="dsalgo_pageObject.Runner" name="Stack2" time="7.725"/>
  <system-out/>
</testsuite> <!-- dsalgo_pageObject.Runner -->
