<?xml version="1.0" encoding="UTF-8"?>
<!-- Generated by org.testng.reporters.JUnitReportReporter -->
<testsuite hostname="RaghavySenthilKumar" failures="0" tests="1" name="dsalgo_pageObject.Runner" time="11.942" errors="0" timestamp="2023-02-20T13:38:35 EST" skipped="0">
  <testcase classname="dsalgo_pageObject.Runner" name="Stack1" time="11.942"/>
  <system-out/>
</testsuite> <!-- dsalgo_pageObject.Runner -->
