<?xml version="1.0" encoding="UTF-8"?>
<!-- Generated by org.testng.reporters.JUnitReportReporter -->
<testsuite hostname="RaghavySenthilKumar" failures="0" tests="9" name="dsalgo_pageObject.Runner" time="58.910" errors="0" timestamp="2023-02-22T16:24:54 EST" skipped="0">
  <testcase classname="dsalgo_pageObject.Runner" name="home_getstarted" time="2.033"/>
  <system-out/>
  <testcase classname="dsalgo_pageObject.Runner" name="Linkedlist1" time="13.055"/>
  <system-out/>
  <testcase classname="dsalgo_pageObject.Runner" name="signin" time="4.298"/>
  <system-out/>
  <testcase classname="dsalgo_pageObject.Runner" name="LoginPage" time="3.945"/>
  <system-out/>
  <testcase classname="dsalgo_pageObject.Runner" name="dropdown" time="4.121"/>
  <system-out/>
  <testcase classname="dsalgo_pageObject.Runner" name="Stack1" time="9.381"/>
  <system-out/>
  <testcase classname="dsalgo_pageObject.Runner" name="selectAlldrop" time="9.526"/>
  <system-out/>
  <testcase classname="dsalgo_pageObject.Runner" name="Datastructure" time="5.546"/>
  <system-out/>
  <testcase classname="dsalgo_pageObject.Runner" name="Regpage" time="7.005"/>
  <system-out/>
</testsuite> <!-- dsalgo_pageObject.Runner -->
