<?xml version="1.0" encoding="UTF-8"?>
<!-- Generated by org.testng.reporters.JUnitReportReporter -->
<testsuite hostname="RaghavySenthilKumar" failures="0" tests="9" name="dsalgo_pageObject.Runner" time="57.186" errors="0" timestamp="2023-02-22T15:39:58 EST" skipped="0">
  <testcase classname="dsalgo_pageObject.Runner" name="Stack1" time="7.010"/>
  <system-out/>
  <testcase classname="dsalgo_pageObject.Runner" name="LoginPage" time="2.868"/>
  <system-out/>
  <testcase classname="dsalgo_pageObject.Runner" name="home_getstarted" time="2.201"/>
  <system-out/>
  <testcase classname="dsalgo_pageObject.Runner" name="Regpage" time="6.594"/>
  <system-out/>
  <testcase classname="dsalgo_pageObject.Runner" name="signin" time="6.524"/>
  <system-out/>
  <testcase classname="dsalgo_pageObject.Runner" name="Linkedlist1" time="13.513"/>
  <system-out/>
  <testcase classname="dsalgo_pageObject.Runner" name="selectAlldrop" time="9.499"/>
  <system-out/>
  <testcase classname="dsalgo_pageObject.Runner" name="Datastructure" time="7.093"/>
  <system-out/>
  <testcase classname="dsalgo_pageObject.Runner" name="dropdown" time="1.884"/>
  <system-out/>
</testsuite> <!-- dsalgo_pageObject.Runner -->
